2017/03/23 11:30:01 [26095] building file list
2017/03/23 11:30:01 [26095] .d..t...... ./
2017/03/23 11:30:01 [26095] cd+++++++++ 12_full_2017-03-23_1042/
2017/03/23 11:30:01 [26095] <f+++++++++ 12_full_2017-03-23_1042/backup-my.cnf
2017/03/23 11:30:02 [26095] <f+++++++++ 12_full_2017-03-23_1042/ibdata1
2017/03/23 11:30:02 [26095] <f+++++++++ 12_full_2017-03-23_1042/xtrabackup_binlog_info
2017/03/23 11:30:02 [26095] <f+++++++++ 12_full_2017-03-23_1042/xtrabackup_checkpoints
2017/03/23 11:30:02 [26095] <f+++++++++ 12_full_2017-03-23_1042/xtrabackup_info
2017/03/23 11:30:02 [26095] <f+++++++++ 12_full_2017-03-23_1042/xtrabackup_logfile
2017/03/23 11:30:02 [26095] cd+++++++++ 12_full_2017-03-23_1042/appstoredb/
2017/03/23 11:30:02 [26095] <f+++++++++ 12_full_2017-03-23_1042/appstoredb/db.opt
2017/03/23 11:30:02 [26095] <f+++++++++ 12_full_2017-03-23_1042/appstoredb/operationportal_v1@002e0@002e0@0026appbasicinfo_v1@002e0@002e0.frm
2017/03/23 11:30:02 [26095] <f+++++++++ 12_full_2017-03-23_1042/appstoredb/operationportal_v1@002e0@002e0@0026appbasicinfo_v1@002e0@002e0.ibd
2017/03/23 11:30:02 [26095] <f+++++++++ 12_full_2017-03-23_1042/appstoredb/operationportal_v1@002e0@002e0@0026appconfig_v1@002e0@002e0.frm
2017/03/23 11:30:02 [26095] <f+++++++++ 12_full_2017-03-23_1042/appstoredb/operationportal_v1@002e0@002e0@0026appconfig_v1@002e0@002e0.ibd
2017/03/23 11:30:02 [26095] <f+++++++++ 12_full_2017-03-23_1042/appstoredb/operationportal_v1@002e0@002e0@0026appextendedinfo_v1@002e0@002e0.frm
2017/03/23 11:30:02 [26095] <f+++++++++ 12_full_2017-03-23_1042/appstoredb/operationportal_v1@002e0@002e0@0026appextendedinfo_v1@002e0@002e0.ibd
2017/03/23 11:30:02 [26095] cd+++++++++ 12_full_2017-03-23_1042/bamdb/
2017/03/23 11:30:02 [26095] <f+++++++++ 12_full_2017-03-23_1042/bamdb/api_destination_summary.MYD
2017/03/23 11:30:02 [26095] <f+++++++++ 12_full_2017-03-23_1042/bamdb/api_destination_summary.MYI
2017/03/23 11:30:02 [26095] <f+++++++++ 12_full_2017-03-23_1042/bamdb/api_destination_summary.frm
2017/03/23 11:30:02 [26095] <f+++++++++ 12_full_2017-03-23_1042/bamdb/api_fault_summary.MYD
2017/03/23 11:30:02 [26095] <f+++++++++ 12_full_2017-03-23_1042/bamdb/api_fault_summary.MYI
2017/03/23 11:30:02 [26095] <f+++++++++ 12_full_2017-03-23_1042/bamdb/api_fault_summary.frm
2017/03/23 11:30:02 [26095] <f+++++++++ 12_full_2017-03-23_1042/bamdb/api_request_summary.MYD
2017/03/23 11:30:02 [26095] <f+++++++++ 12_full_2017-03-23_1042/bamdb/api_request_summary.MYI
2017/03/23 11:30:02 [26095] <f+++++++++ 12_full_2017-03-23_1042/bamdb/api_request_summary.frm
2017/03/23 11:30:02 [26095] <f+++++++++ 12_full_2017-03-23_1042/bamdb/api_resource_usage_summary.MYD
2017/03/23 11:30:02 [26095] <f+++++++++ 12_full_2017-03-23_1042/bamdb/api_resource_usage_summary.MYI
2017/03/23 11:30:02 [26095] <f+++++++++ 12_full_2017-03-23_1042/bamdb/api_resource_usage_summary.frm
2017/03/23 11:30:02 [26095] <f+++++++++ 12_full_2017-03-23_1042/bamdb/api_response_summary.MYD
2017/03/23 11:30:02 [26095] <f+++++++++ 12_full_2017-03-23_1042/bamdb/api_response_summary.MYI
2017/03/23 11:30:02 [26095] <f+++++++++ 12_full_2017-03-23_1042/bamdb/api_response_summary.frm
2017/03/23 11:30:02 [26095] <f+++++++++ 12_full_2017-03-23_1042/bamdb/api_version_usage_summary.MYD
2017/03/23 11:30:02 [26095] <f+++++++++ 12_full_2017-03-23_1042/bamdb/api_version_usage_summary.MYI
2017/03/23 11:30:02 [26095] <f+++++++++ 12_full_2017-03-23_1042/bamdb/api_version_usage_summary.frm
2017/03/23 11:30:02 [26095] <f+++++++++ 12_full_2017-03-23_1042/bamdb/db.opt
2017/03/23 11:30:02 [26095] <f+++++++++ 12_full_2017-03-23_1042/bamdb/reg_association.frm
2017/03/23 11:30:02 [26095] <f+++++++++ 12_full_2017-03-23_1042/bamdb/reg_association.ibd
2017/03/23 11:30:02 [26095] <f+++++++++ 12_full_2017-03-23_1042/bamdb/reg_cluster_lock.frm
2017/03/23 11:30:02 [26095] <f+++++++++ 12_full_2017-03-23_1042/bamdb/reg_cluster_lock.ibd
2017/03/23 11:30:02 [26095] <f+++++++++ 12_full_2017-03-23_1042/bamdb/reg_comment.frm
2017/03/23 11:30:02 [26095] <f+++++++++ 12_full_2017-03-23_1042/bamdb/reg_comment.ibd
2017/03/23 11:30:02 [26095] <f+++++++++ 12_full_2017-03-23_1042/bamdb/reg_content.frm
2017/03/23 11:30:02 [26095] <f+++++++++ 12_full_2017-03-23_1042/bamdb/reg_content.ibd
2017/03/23 11:30:02 [26095] <f+++++++++ 12_full_2017-03-23_1042/bamdb/reg_content_history.frm
2017/03/23 11:30:02 [26095] <f+++++++++ 12_full_2017-03-23_1042/bamdb/reg_content_history.ibd
2017/03/23 11:30:02 [26095] <f+++++++++ 12_full_2017-03-23_1042/bamdb/reg_log.frm
2017/03/23 11:30:02 [26095] <f+++++++++ 12_full_2017-03-23_1042/bamdb/reg_log.ibd
2017/03/23 11:30:02 [26095] <f+++++++++ 12_full_2017-03-23_1042/bamdb/reg_path.frm
2017/03/23 11:30:02 [26095] <f+++++++++ 12_full_2017-03-23_1042/bamdb/reg_path.ibd
2017/03/23 11:30:02 [26095] <f+++++++++ 12_full_2017-03-23_1042/bamdb/reg_property.frm
2017/03/23 11:30:02 [26095] <f+++++++++ 12_full_2017-03-23_1042/bamdb/reg_property.ibd
2017/03/23 11:30:02 [26095] <f+++++++++ 12_full_2017-03-23_1042/bamdb/reg_rating.frm
2017/03/23 11:30:02 [26095] <f+++++++++ 12_full_2017-03-23_1042/bamdb/reg_rating.ibd
2017/03/23 11:30:02 [26095] <f+++++++++ 12_full_2017-03-23_1042/bamdb/reg_resource.frm
2017/03/23 11:30:02 [26095] <f+++++++++ 12_full_2017-03-23_1042/bamdb/reg_resource.ibd
2017/03/23 11:30:02 [26095] <f+++++++++ 12_full_2017-03-23_1042/bamdb/reg_resource_comment.frm
2017/03/23 11:30:02 [26095] <f+++++++++ 12_full_2017-03-23_1042/bamdb/reg_resource_comment.ibd
2017/03/23 11:30:02 [26095] <f+++++++++ 12_full_2017-03-23_1042/bamdb/reg_resource_history.frm
2017/03/23 11:30:02 [26095] <f+++++++++ 12_full_2017-03-23_1042/bamdb/reg_resource_history.ibd
2017/03/23 11:30:02 [26095] <f+++++++++ 12_full_2017-03-23_1042/bamdb/reg_resource_property.frm
2017/03/23 11:30:02 [26095] <f+++++++++ 12_full_2017-03-23_1042/bamdb/reg_resource_property.ibd
2017/03/23 11:30:02 [26095] <f+++++++++ 12_full_2017-03-23_1042/bamdb/reg_resource_rating.frm
2017/03/23 11:30:02 [26095] <f+++++++++ 12_full_2017-03-23_1042/bamdb/reg_resource_rating.ibd
2017/03/23 11:30:02 [26095] <f+++++++++ 12_full_2017-03-23_1042/bamdb/reg_resource_tag.frm
2017/03/23 11:30:02 [26095] <f+++++++++ 12_full_2017-03-23_1042/bamdb/reg_resource_tag.ibd
2017/03/23 11:30:02 [26095] <f+++++++++ 12_full_2017-03-23_1042/bamdb/reg_snapshot.frm
2017/03/23 11:30:02 [26095] <f+++++++++ 12_full_2017-03-23_1042/bamdb/reg_snapshot.ibd
2017/03/23 11:30:02 [26095] <f+++++++++ 12_full_2017-03-23_1042/bamdb/reg_tag.frm
2017/03/23 11:30:02 [26095] <f+++++++++ 12_full_2017-03-23_1042/bamdb/reg_tag.ibd
2017/03/23 11:30:02 [26095] <f+++++++++ 12_full_2017-03-23_1042/bamdb/um_claim.frm
2017/03/23 11:30:02 [26095] <f+++++++++ 12_full_2017-03-23_1042/bamdb/um_claim.ibd
2017/03/23 11:30:02 [26095] <f+++++++++ 12_full_2017-03-23_1042/bamdb/um_claim_behavior.frm
2017/03/23 11:30:02 [26095] <f+++++++++ 12_full_2017-03-23_1042/bamdb/um_claim_behavior.ibd
2017/03/23 11:30:02 [26095] <f+++++++++ 12_full_2017-03-23_1042/bamdb/um_dialect.frm
2017/03/23 11:30:02 [26095] <f+++++++++ 12_full_2017-03-23_1042/bamdb/um_dialect.ibd
2017/03/23 11:30:02 [26095] <f+++++++++ 12_full_2017-03-23_1042/bamdb/um_hybrid_remember_me.frm
2017/03/23 11:30:02 [26095] <f+++++++++ 12_full_2017-03-23_1042/bamdb/um_hybrid_remember_me.ibd
2017/03/23 11:30:02 [26095] <f+++++++++ 12_full_2017-03-23_1042/bamdb/um_hybrid_role.frm
2017/03/23 11:30:02 [26095] <f+++++++++ 12_full_2017-03-23_1042/bamdb/um_hybrid_role.ibd
2017/03/23 11:30:02 [26095] <f+++++++++ 12_full_2017-03-23_1042/bamdb/um_hybrid_user_role.frm
2017/03/23 11:30:02 [26095] <f+++++++++ 12_full_2017-03-23_1042/bamdb/um_hybrid_user_role.ibd
2017/03/23 11:30:02 [26095] <f+++++++++ 12_full_2017-03-23_1042/bamdb/um_permission.frm
2017/03/23 11:30:02 [26095] <f+++++++++ 12_full_2017-03-23_1042/bamdb/um_permission.ibd
2017/03/23 11:30:02 [26095] <f+++++++++ 12_full_2017-03-23_1042/bamdb/um_profile_config.frm
2017/03/23 11:30:02 [26095] <f+++++++++ 12_full_2017-03-23_1042/bamdb/um_profile_config.ibd
2017/03/23 11:30:02 [26095] <f+++++++++ 12_full_2017-03-23_1042/bamdb/um_role.frm
2017/03/23 11:30:02 [26095] <f+++++++++ 12_full_2017-03-23_1042/bamdb/um_role.ibd
2017/03/23 11:30:02 [26095] <f+++++++++ 12_full_2017-03-23_1042/bamdb/um_role_permission.frm
2017/03/23 11:30:02 [26095] <f+++++++++ 12_full_2017-03-23_1042/bamdb/um_role_permission.ibd
2017/03/23 11:30:02 [26095] <f+++++++++ 12_full_2017-03-23_1042/bamdb/um_tenant.frm
2017/03/23 11:30:02 [26095] <f+++++++++ 12_full_2017-03-23_1042/bamdb/um_tenant.ibd
2017/03/23 11:30:02 [26095] <f+++++++++ 12_full_2017-03-23_1042/bamdb/um_user.frm
2017/03/23 11:30:02 [26095] <f+++++++++ 12_full_2017-03-23_1042/bamdb/um_user.ibd
2017/03/23 11:30:02 [26095] <f+++++++++ 12_full_2017-03-23_1042/bamdb/um_user_attribute.frm
2017/03/23 11:30:02 [26095] <f+++++++++ 12_full_2017-03-23_1042/bamdb/um_user_attribute.ibd
2017/03/23 11:30:02 [26095] <f+++++++++ 12_full_2017-03-23_1042/bamdb/um_user_permission.frm
2017/03/23 11:30:02 [26095] <f+++++++++ 12_full_2017-03-23_1042/bamdb/um_user_permission.ibd
2017/03/23 11:30:02 [26095] <f+++++++++ 12_full_2017-03-23_1042/bamdb/um_user_role.frm
2017/03/23 11:30:02 [26095] <f+++++++++ 12_full_2017-03-23_1042/bamdb/um_user_role.ibd
2017/03/23 11:30:02 [26095] cd+++++++++ 12_full_2017-03-23_1042/mysql/
2017/03/23 11:30:02 [26095] <f+++++++++ 12_full_2017-03-23_1042/mysql/columns_priv.MYD
2017/03/23 11:30:02 [26095] <f+++++++++ 12_full_2017-03-23_1042/mysql/columns_priv.MYI
2017/03/23 11:30:02 [26095] <f+++++++++ 12_full_2017-03-23_1042/mysql/columns_priv.frm
2017/03/23 11:30:02 [26095] <f+++++++++ 12_full_2017-03-23_1042/mysql/db.MYD
2017/03/23 11:30:02 [26095] <f+++++++++ 12_full_2017-03-23_1042/mysql/db.MYI
2017/03/23 11:30:02 [26095] <f+++++++++ 12_full_2017-03-23_1042/mysql/db.frm
2017/03/23 11:30:02 [26095] <f+++++++++ 12_full_2017-03-23_1042/mysql/event.MYD
2017/03/23 11:30:02 [26095] <f+++++++++ 12_full_2017-03-23_1042/mysql/event.MYI
2017/03/23 11:30:02 [26095] <f+++++++++ 12_full_2017-03-23_1042/mysql/event.frm
2017/03/23 11:30:02 [26095] <f+++++++++ 12_full_2017-03-23_1042/mysql/func.MYD
2017/03/23 11:30:02 [26095] <f+++++++++ 12_full_2017-03-23_1042/mysql/func.MYI
2017/03/23 11:30:02 [26095] <f+++++++++ 12_full_2017-03-23_1042/mysql/func.frm
2017/03/23 11:30:02 [26095] <f+++++++++ 12_full_2017-03-23_1042/mysql/general_log.CSM
2017/03/23 11:30:02 [26095] <f+++++++++ 12_full_2017-03-23_1042/mysql/general_log.CSV
2017/03/23 11:30:02 [26095] <f+++++++++ 12_full_2017-03-23_1042/mysql/general_log.frm
2017/03/23 11:30:02 [26095] <f+++++++++ 12_full_2017-03-23_1042/mysql/help_category.MYD
2017/03/23 11:30:02 [26095] <f+++++++++ 12_full_2017-03-23_1042/mysql/help_category.MYI
2017/03/23 11:30:02 [26095] <f+++++++++ 12_full_2017-03-23_1042/mysql/help_category.frm
2017/03/23 11:30:02 [26095] <f+++++++++ 12_full_2017-03-23_1042/mysql/help_keyword.MYD
2017/03/23 11:30:02 [26095] <f+++++++++ 12_full_2017-03-23_1042/mysql/help_keyword.MYI
2017/03/23 11:30:02 [26095] <f+++++++++ 12_full_2017-03-23_1042/mysql/help_keyword.frm
2017/03/23 11:30:02 [26095] <f+++++++++ 12_full_2017-03-23_1042/mysql/help_relation.MYD
2017/03/23 11:30:02 [26095] <f+++++++++ 12_full_2017-03-23_1042/mysql/help_relation.MYI
2017/03/23 11:30:02 [26095] <f+++++++++ 12_full_2017-03-23_1042/mysql/help_relation.frm
2017/03/23 11:30:02 [26095] <f+++++++++ 12_full_2017-03-23_1042/mysql/help_topic.MYD
2017/03/23 11:30:02 [26095] <f+++++++++ 12_full_2017-03-23_1042/mysql/help_topic.MYI
2017/03/23 11:30:02 [26095] <f+++++++++ 12_full_2017-03-23_1042/mysql/help_topic.frm
2017/03/23 11:30:02 [26095] <f+++++++++ 12_full_2017-03-23_1042/mysql/innodb_index_stats.frm
2017/03/23 11:30:02 [26095] <f+++++++++ 12_full_2017-03-23_1042/mysql/innodb_index_stats.ibd
2017/03/23 11:30:02 [26095] <f+++++++++ 12_full_2017-03-23_1042/mysql/innodb_table_stats.frm
2017/03/23 11:30:02 [26095] <f+++++++++ 12_full_2017-03-23_1042/mysql/innodb_table_stats.ibd
2017/03/23 11:30:02 [26095] <f+++++++++ 12_full_2017-03-23_1042/mysql/ndb_binlog_index.MYD
2017/03/23 11:30:02 [26095] <f+++++++++ 12_full_2017-03-23_1042/mysql/ndb_binlog_index.MYI
2017/03/23 11:30:02 [26095] <f+++++++++ 12_full_2017-03-23_1042/mysql/ndb_binlog_index.frm
2017/03/23 11:30:02 [26095] <f+++++++++ 12_full_2017-03-23_1042/mysql/plugin.MYD
2017/03/23 11:30:02 [26095] <f+++++++++ 12_full_2017-03-23_1042/mysql/plugin.MYI
2017/03/23 11:30:02 [26095] <f+++++++++ 12_full_2017-03-23_1042/mysql/plugin.frm
2017/03/23 11:30:02 [26095] <f+++++++++ 12_full_2017-03-23_1042/mysql/proc.MYD
2017/03/23 11:30:02 [26095] <f+++++++++ 12_full_2017-03-23_1042/mysql/proc.MYI
2017/03/23 11:30:02 [26095] <f+++++++++ 12_full_2017-03-23_1042/mysql/proc.frm
2017/03/23 11:30:02 [26095] <f+++++++++ 12_full_2017-03-23_1042/mysql/procs_priv.MYD
2017/03/23 11:30:02 [26095] <f+++++++++ 12_full_2017-03-23_1042/mysql/procs_priv.MYI
2017/03/23 11:30:02 [26095] <f+++++++++ 12_full_2017-03-23_1042/mysql/procs_priv.frm
2017/03/23 11:30:02 [26095] <f+++++++++ 12_full_2017-03-23_1042/mysql/proxies_priv.MYD
2017/03/23 11:30:02 [26095] <f+++++++++ 12_full_2017-03-23_1042/mysql/proxies_priv.MYI
2017/03/23 11:30:02 [26095] <f+++++++++ 12_full_2017-03-23_1042/mysql/proxies_priv.frm
2017/03/23 11:30:02 [26095] <f+++++++++ 12_full_2017-03-23_1042/mysql/servers.MYD
2017/03/23 11:30:02 [26095] <f+++++++++ 12_full_2017-03-23_1042/mysql/servers.MYI
2017/03/23 11:30:02 [26095] <f+++++++++ 12_full_2017-03-23_1042/mysql/servers.frm
2017/03/23 11:30:02 [26095] <f+++++++++ 12_full_2017-03-23_1042/mysql/slave_master_info.frm
2017/03/23 11:30:02 [26095] <f+++++++++ 12_full_2017-03-23_1042/mysql/slave_master_info.ibd
2017/03/23 11:30:02 [26095] <f+++++++++ 12_full_2017-03-23_1042/mysql/slave_relay_log_info.frm
2017/03/23 11:30:02 [26095] <f+++++++++ 12_full_2017-03-23_1042/mysql/slave_relay_log_info.ibd
2017/03/23 11:30:02 [26095] <f+++++++++ 12_full_2017-03-23_1042/mysql/slave_worker_info.frm
2017/03/23 11:30:02 [26095] <f+++++++++ 12_full_2017-03-23_1042/mysql/slave_worker_info.ibd
2017/03/23 11:30:02 [26095] <f+++++++++ 12_full_2017-03-23_1042/mysql/slow_log.CSM
2017/03/23 11:30:02 [26095] <f+++++++++ 12_full_2017-03-23_1042/mysql/slow_log.CSV
2017/03/23 11:30:02 [26095] <f+++++++++ 12_full_2017-03-23_1042/mysql/slow_log.frm
2017/03/23 11:30:02 [26095] <f+++++++++ 12_full_2017-03-23_1042/mysql/tables_priv.MYD
2017/03/23 11:30:02 [26095] <f+++++++++ 12_full_2017-03-23_1042/mysql/tables_priv.MYI
2017/03/23 11:30:02 [26095] <f+++++++++ 12_full_2017-03-23_1042/mysql/tables_priv.frm
2017/03/23 11:30:02 [26095] <f+++++++++ 12_full_2017-03-23_1042/mysql/time_zone.MYD
2017/03/23 11:30:02 [26095] <f+++++++++ 12_full_2017-03-23_1042/mysql/time_zone.MYI
2017/03/23 11:30:02 [26095] <f+++++++++ 12_full_2017-03-23_1042/mysql/time_zone.frm
2017/03/23 11:30:02 [26095] <f+++++++++ 12_full_2017-03-23_1042/mysql/time_zone_leap_second.MYD
2017/03/23 11:30:02 [26095] <f+++++++++ 12_full_2017-03-23_1042/mysql/time_zone_leap_second.MYI
2017/03/23 11:30:02 [26095] <f+++++++++ 12_full_2017-03-23_1042/mysql/time_zone_leap_second.frm
2017/03/23 11:30:02 [26095] <f+++++++++ 12_full_2017-03-23_1042/mysql/time_zone_name.MYD
2017/03/23 11:30:02 [26095] <f+++++++++ 12_full_2017-03-23_1042/mysql/time_zone_name.MYI
2017/03/23 11:30:02 [26095] <f+++++++++ 12_full_2017-03-23_1042/mysql/time_zone_name.frm
2017/03/23 11:30:02 [26095] <f+++++++++ 12_full_2017-03-23_1042/mysql/time_zone_transition.MYD
2017/03/23 11:30:02 [26095] <f+++++++++ 12_full_2017-03-23_1042/mysql/time_zone_transition.MYI
2017/03/23 11:30:02 [26095] <f+++++++++ 12_full_2017-03-23_1042/mysql/time_zone_transition.frm
2017/03/23 11:30:02 [26095] <f+++++++++ 12_full_2017-03-23_1042/mysql/time_zone_transition_type.MYD
2017/03/23 11:30:02 [26095] <f+++++++++ 12_full_2017-03-23_1042/mysql/time_zone_transition_type.MYI
2017/03/23 11:30:02 [26095] <f+++++++++ 12_full_2017-03-23_1042/mysql/time_zone_transition_type.frm
2017/03/23 11:30:02 [26095] <f+++++++++ 12_full_2017-03-23_1042/mysql/user.MYD
2017/03/23 11:30:02 [26095] <f+++++++++ 12_full_2017-03-23_1042/mysql/user.MYI
2017/03/23 11:30:02 [26095] <f+++++++++ 12_full_2017-03-23_1042/mysql/user.frm
2017/03/23 11:30:02 [26095] cd+++++++++ 12_full_2017-03-23_1042/omrest/
2017/03/23 11:30:02 [26095] <f+++++++++ 12_full_2017-03-23_1042/omrest/adapterstatus.frm
2017/03/23 11:30:02 [26095] <f+++++++++ 12_full_2017-03-23_1042/omrest/adapterstatus.ibd
2017/03/23 11:30:02 [26095] <f+++++++++ 12_full_2017-03-23_1042/omrest/db.opt
2017/03/23 11:30:02 [26095] <f+++++++++ 12_full_2017-03-23_1042/omrest/event.frm
2017/03/23 11:30:04 [26095] <f+++++++++ 12_full_2017-03-23_1042/omrest/event.ibd
2017/03/23 11:30:04 [26095] <f+++++++++ 12_full_2017-03-23_1042/omrest/events.frm
2017/03/23 11:30:04 [26095] <f+++++++++ 12_full_2017-03-23_1042/omrest/events.ibd
2017/03/23 11:30:04 [26095] <f+++++++++ 12_full_2017-03-23_1042/omrest/grouproles.frm
2017/03/23 11:30:04 [26095] <f+++++++++ 12_full_2017-03-23_1042/omrest/grouproles.ibd
2017/03/23 11:30:04 [26095] <f+++++++++ 12_full_2017-03-23_1042/omrest/logtags.frm
2017/03/23 11:30:04 [26095] <f+++++++++ 12_full_2017-03-23_1042/omrest/logtags.ibd
2017/03/23 11:30:04 [26095] <f+++++++++ 12_full_2017-03-23_1042/omrest/pluginstatus.frm
2017/03/23 11:30:04 [26095] <f+++++++++ 12_full_2017-03-23_1042/omrest/pluginstatus.ibd
2017/03/23 11:30:04 [26095] <f+++++++++ 12_full_2017-03-23_1042/omrest/resource_version.frm
2017/03/23 11:30:04 [26095] <f+++++++++ 12_full_2017-03-23_1042/omrest/resource_version.ibd
2017/03/23 11:30:04 [26095] <f+++++++++ 12_full_2017-03-23_1042/omrest/trackrecords.frm
2017/03/23 11:30:04 [26095] <f+++++++++ 12_full_2017-03-23_1042/omrest/trackrecords.ibd
2017/03/23 11:30:04 [26095] <f+++++++++ 12_full_2017-03-23_1042/omrest/um_grant.frm
2017/03/23 11:30:04 [26095] <f+++++++++ 12_full_2017-03-23_1042/omrest/um_grant.ibd
2017/03/23 11:30:04 [26095] <f+++++++++ 12_full_2017-03-23_1042/omrest/um_group_permission.frm
2017/03/23 11:30:04 [26095] <f+++++++++ 12_full_2017-03-23_1042/omrest/um_group_permission.ibd
2017/03/23 11:30:04 [26095] <f+++++++++ 12_full_2017-03-23_1042/omrest/um_permission.frm
2017/03/23 11:30:04 [26095] <f+++++++++ 12_full_2017-03-23_1042/omrest/um_permission.ibd
2017/03/23 11:30:04 [26095] <f+++++++++ 12_full_2017-03-23_1042/omrest/um_role.frm
2017/03/23 11:30:04 [26095] <f+++++++++ 12_full_2017-03-23_1042/omrest/um_role.ibd
2017/03/23 11:30:04 [26095] <f+++++++++ 12_full_2017-03-23_1042/omrest/um_role_permission.frm
2017/03/23 11:30:04 [26095] <f+++++++++ 12_full_2017-03-23_1042/omrest/um_role_permission.ibd
2017/03/23 11:30:04 [26095] <f+++++++++ 12_full_2017-03-23_1042/omrest/um_user.frm
2017/03/23 11:30:04 [26095] <f+++++++++ 12_full_2017-03-23_1042/omrest/um_user.ibd
2017/03/23 11:30:04 [26095] <f+++++++++ 12_full_2017-03-23_1042/omrest/um_usergroup.frm
2017/03/23 11:30:04 [26095] <f+++++++++ 12_full_2017-03-23_1042/omrest/um_usergroup.ibd
2017/03/23 11:30:04 [26095] <f+++++++++ 12_full_2017-03-23_1042/omrest/urlusetable.frm
2017/03/23 11:30:04 [26095] <f+++++++++ 12_full_2017-03-23_1042/omrest/urlusetable.ibd
2017/03/23 11:30:04 [26095] <f+++++++++ 12_full_2017-03-23_1042/omrest/usergroups.frm
2017/03/23 11:30:04 [26095] <f+++++++++ 12_full_2017-03-23_1042/omrest/usergroups.ibd
2017/03/23 11:30:04 [26095] <f+++++++++ 12_full_2017-03-23_1042/omrest/users.frm
2017/03/23 11:30:04 [26095] <f+++++++++ 12_full_2017-03-23_1042/omrest/users.ibd
2017/03/23 11:30:04 [26095] cd+++++++++ 12_full_2017-03-23_1042/operation@002dbackend/
2017/03/23 11:30:04 [26095] <f+++++++++ 12_full_2017-03-23_1042/operation@002dbackend/db.opt
2017/03/23 11:30:04 [26095] <f+++++++++ 12_full_2017-03-23_1042/operation@002dbackend/trackrecords.frm
2017/03/23 11:30:04 [26095] <f+++++++++ 12_full_2017-03-23_1042/operation@002dbackend/trackrecords.ibd
2017/03/23 11:30:04 [26095] <f+++++++++ 12_full_2017-03-23_1042/operation@002dbackend/urlusetable.frm
2017/03/23 11:30:04 [26095] <f+++++++++ 12_full_2017-03-23_1042/operation@002dbackend/urlusetable.ibd
2017/03/23 11:30:04 [26095] cd+++++++++ 12_full_2017-03-23_1042/operation@002duser/
2017/03/23 11:30:04 [26095] <f+++++++++ 12_full_2017-03-23_1042/operation@002duser/db.opt
2017/03/23 11:30:04 [26095] <f+++++++++ 12_full_2017-03-23_1042/operation@002duser/um_grant.frm
2017/03/23 11:30:04 [26095] <f+++++++++ 12_full_2017-03-23_1042/operation@002duser/um_grant.ibd
2017/03/23 11:30:04 [26095] <f+++++++++ 12_full_2017-03-23_1042/operation@002duser/um_group_permission.frm
2017/03/23 11:30:04 [26095] <f+++++++++ 12_full_2017-03-23_1042/operation@002duser/um_group_permission.ibd
2017/03/23 11:30:04 [26095] <f+++++++++ 12_full_2017-03-23_1042/operation@002duser/um_permission.frm
2017/03/23 11:30:04 [26095] <f+++++++++ 12_full_2017-03-23_1042/operation@002duser/um_permission.ibd
2017/03/23 11:30:04 [26095] <f+++++++++ 12_full_2017-03-23_1042/operation@002duser/um_role.frm
2017/03/23 11:30:04 [26095] <f+++++++++ 12_full_2017-03-23_1042/operation@002duser/um_role.ibd
2017/03/23 11:30:04 [26095] <f+++++++++ 12_full_2017-03-23_1042/operation@002duser/um_role_permission.frm
2017/03/23 11:30:04 [26095] <f+++++++++ 12_full_2017-03-23_1042/operation@002duser/um_role_permission.ibd
2017/03/23 11:30:04 [26095] <f+++++++++ 12_full_2017-03-23_1042/operation@002duser/um_user.frm
2017/03/23 11:30:04 [26095] <f+++++++++ 12_full_2017-03-23_1042/operation@002duser/um_user.ibd
2017/03/23 11:30:04 [26095] <f+++++++++ 12_full_2017-03-23_1042/operation@002duser/um_usergroup.frm
2017/03/23 11:30:04 [26095] <f+++++++++ 12_full_2017-03-23_1042/operation@002duser/um_usergroup.ibd
2017/03/23 11:30:04 [26095] cd+++++++++ 12_full_2017-03-23_1042/pds/
2017/03/23 11:30:04 [26095] <f+++++++++ 12_full_2017-03-23_1042/pds/appentfytest5_v1@002e0@002e0@0026fytest201610311433_v1@002e0@002e0.frm
2017/03/23 11:30:04 [26095] <f+++++++++ 12_full_2017-03-23_1042/pds/appentfytest5_v1@002e0@002e0@0026fytest201610311433_v1@002e0@002e0.ibd
2017/03/23 11:30:04 [26095] <f+++++++++ 12_full_2017-03-23_1042/pds/appentfytest6_v1@002e0@002e0@0026resumemodelmongodbfzt0001_v1@002e0@002e0.frm
2017/03/23 11:30:04 [26095] <f+++++++++ 12_full_2017-03-23_1042/pds/appentfytest6_v1@002e0@002e0@0026resumemodelmongodbfzt0001_v1@002e0@002e0.ibd
2017/03/23 11:30:04 [26095] <f+++++++++ 12_full_2017-03-23_1042/pds/appentfytest6_v1@002e0@002e0@0026resumemodelmongodbtzt0001_v1@002e0@002e0.frm
2017/03/23 11:30:04 [26095] <f+++++++++ 12_full_2017-03-23_1042/pds/appentfytest6_v1@002e0@002e0@0026resumemodelmongodbtzt0001_v1@002e0@002e0.ibd
2017/03/23 11:30:04 [26095] <f+++++++++ 12_full_2017-03-23_1042/pds/appentfytest6_v1@002e0@002e0@0026resumemodelmysqlfzt0001_v1@002e0@002e0.frm
2017/03/23 11:30:04 [26095] <f+++++++++ 12_full_2017-03-23_1042/pds/appentfytest6_v1@002e0@002e0@0026resumemodelmysqlfzt0001_v1@002e0@002e0.ibd
2017/03/23 11:30:04 [26095] <f+++++++++ 12_full_2017-03-23_1042/pds/appentfytest6_v1@002e0@002e0@0026resumemodelmysqltzt0001_v1@002e0@002e0.frm
2017/03/23 11:30:04 [26095] <f+++++++++ 12_full_2017-03-23_1042/pds/appentfytest6_v1@002e0@002e0@0026resumemodelmysqltzt0001_v1@002e0@002e0.ibd
2017/03/23 11:30:04 [26095] <f+++++++++ 12_full_2017-03-23_1042/pds/asexamine_v1@002e0@002e0@0026asexaminetabletemp_v1@002e0@002e0.frm
2017/03/23 11:30:04 [26095] <f+++++++++ 12_full_2017-03-23_1042/pds/asexamine_v1@002e0@002e0@0026asexaminetabletemp_v1@002e0@002e0.ibd
2017/03/23 11:30:04 [26095] <f+++++++++ 12_full_2017-03-23_1042/pds/asexamine_v1@002e0@002e0@0026cbusincomes_v1@002e0@002e0.frm
2017/03/23 11:30:04 [26095] <f+++++++++ 12_full_2017-03-23_1042/pds/asexamine_v1@002e0@002e0@0026cbusincomes_v1@002e0@002e0.ibd
2017/03/23 11:30:04 [26095] <f+++++++++ 12_full_2017-03-23_1042/pds/asexamine_v1@002e0@002e0@0026cexaminecominfo_v1@002e0@002e0.frm
2017/03/23 11:30:04 [26095] <f+++++++++ 12_full_2017-03-23_1042/pds/asexamine_v1@002e0@002e0@0026cexaminecominfo_v1@002e0@002e0.ibd
2017/03/23 11:30:04 [26095] <f+++++++++ 12_full_2017-03-23_1042/pds/asexamine_v1@002e0@002e0@0026cexamineempinfo_v1@002e0@002e0.frm
2017/03/23 11:30:04 [26095] <f+++++++++ 12_full_2017-03-23_1042/pds/asexamine_v1@002e0@002e0@0026cexamineempinfo_v1@002e0@002e0.ibd
2017/03/23 11:30:04 [26095] <f+++++++++ 12_full_2017-03-23_1042/pds/asexamine_v1@002e0@002e0@0026cexaminemain_v1@002e0@002e0.frm
2017/03/23 11:30:04 [26095] <f+++++++++ 12_full_2017-03-23_1042/pds/asexamine_v1@002e0@002e0@0026cexaminemain_v1@002e0@002e0.ibd
2017/03/23 11:30:04 [26095] <f+++++++++ 12_full_2017-03-23_1042/pds/asexamine_v1@002e0@002e0@0026cexamineproinc_v1@002e0@002e0.frm
2017/03/23 11:30:04 [26095] <f+++++++++ 12_full_2017-03-23_1042/pds/asexamine_v1@002e0@002e0@0026cexamineproinc_v1@002e0@002e0.ibd
2017/03/23 11:30:04 [26095] <f+++++++++ 12_full_2017-03-23_1042/pds/asexamine_v1@002e0@002e0@0026cexaminetaxinfo_v1@002e0@002e0.frm
2017/03/23 11:30:04 [26095] <f+++++++++ 12_full_2017-03-23_1042/pds/asexamine_v1@002e0@002e0@0026cexaminetaxinfo_v1@002e0@002e0.ibd
2017/03/23 11:30:04 [26095] <f+++++++++ 12_full_2017-03-23_1042/pds/asexamine_v1@002e0@002e0@0026cinnincomes_v1@002e0@002e0.frm
2017/03/23 11:30:04 [26095] <f+++++++++ 12_full_2017-03-23_1042/pds/asexamine_v1@002e0@002e0@0026cinnincomes_v1@002e0@002e0.ibd
2017/03/23 11:30:04 [26095] <f+++++++++ 12_full_2017-03-23_1042/pds/asexamine_v1@002e0@002e0@0026cinnprojects_v1@002e0@002e0.frm
2017/03/23 11:30:04 [26095] <f+++++++++ 12_full_2017-03-23_1042/pds/asexamine_v1@002e0@002e0@0026cinnprojects_v1@002e0@002e0.ibd
2017/03/23 11:30:04 [26095] <f+++++++++ 12_full_2017-03-23_1042/pds/asexamine_v1@002e0@002e0@0026cresearchfiles_v1@002e0@002e0.frm
2017/03/23 11:30:04 [26095] <f+++++++++ 12_full_2017-03-23_1042/pds/asexamine_v1@002e0@002e0@0026cresearchfiles_v1@002e0@002e0.ibd
2017/03/23 11:30:04 [26095] <f+++++++++ 12_full_2017-03-23_1042/pds/db.opt
2017/03/23 11:30:04 [26095] <f+++++++++ 12_full_2017-03-23_1042/pds/enterprisenoticemgtapp_v1@002e0@002e0@0026notification3_v1@002e0@002e0.frm
2017/03/23 11:30:04 [26095] <f+++++++++ 12_full_2017-03-23_1042/pds/enterprisenoticemgtapp_v1@002e0@002e0@0026notification3_v1@002e0@002e0.ibd
2017/03/23 11:30:04 [26095] <f+++++++++ 12_full_2017-03-23_1042/pds/enterpriseusermgtapp_v1@002e0@002e0@0026appnoticeconf_v1@002e0@002e1.frm
2017/03/23 11:30:04 [26095] <f+++++++++ 12_full_2017-03-23_1042/pds/enterpriseusermgtapp_v1@002e0@002e0@0026appnoticeconf_v1@002e0@002e1.ibd
2017/03/23 11:30:04 [26095] <f+++++++++ 12_full_2017-03-23_1042/pds/enterpriseusermgtapp_v1@002e0@002e0@0026noticeconfiguration_v1@002e0@002e2.frm
2017/03/23 11:30:04 [26095] <f+++++++++ 12_full_2017-03-23_1042/pds/enterpriseusermgtapp_v1@002e0@002e0@0026noticeconfiguration_v1@002e0@002e2.ibd
2017/03/23 11:30:04 [26095] <f+++++++++ 12_full_2017-03-23_1042/pds/enterpriseusermgtapp_v1@002e0@002e0@0026orguser_v1@002e0@002e0.frm
2017/03/23 11:30:04 [26095] <f+++++++++ 12_full_2017-03-23_1042/pds/enterpriseusermgtapp_v1@002e0@002e0@0026orguser_v1@002e0@002e0.ibd
2017/03/23 11:30:04 [26095] <f+++++++++ 12_full_2017-03-23_1042/pds/eservicemysqltest_v1@002e0@002e0@0026tenantfalsetest1_v1@002e0@002e0.frm
2017/03/23 11:30:04 [26095] <f+++++++++ 12_full_2017-03-23_1042/pds/eservicemysqltest_v1@002e0@002e0@0026tenantfalsetest1_v1@002e0@002e0.ibd
2017/03/23 11:30:04 [26095] <f+++++++++ 12_full_2017-03-23_1042/pds/eservicemysqltest_v1@002e0@002e0@0026tenantfalsetest5_v1@002e0@002e0.frm
2017/03/23 11:30:04 [26095] <f+++++++++ 12_full_2017-03-23_1042/pds/eservicemysqltest_v1@002e0@002e0@0026tenantfalsetest5_v1@002e0@002e0.ibd
2017/03/23 11:30:04 [26095] <f+++++++++ 12_full_2017-03-23_1042/pds/eservicemysqltest_v1@002e0@002e0@0026tenanttruetest1_v1@002e0@002e0.frm
2017/03/23 11:30:04 [26095] <f+++++++++ 12_full_2017-03-23_1042/pds/eservicemysqltest_v1@002e0@002e0@0026tenanttruetest1_v1@002e0@002e0.ibd
2017/03/23 11:30:04 [26095] <f+++++++++ 12_full_2017-03-23_1042/pds/geinfomationechange_v1@002e0@002e0@0026commessagetenant_v1@002e0@002e0.frm
2017/03/23 11:30:04 [26095] <f+++++++++ 12_full_2017-03-23_1042/pds/geinfomationechange_v1@002e0@002e0@0026commessagetenant_v1@002e0@002e0.ibd
2017/03/23 11:30:04 [26095] <f+++++++++ 12_full_2017-03-23_1042/pds/geinfomationechange_v1@002e0@002e0@0026depinfo_v1@002e0@002e0.frm
2017/03/23 11:30:04 [26095] <f+++++++++ 12_full_2017-03-23_1042/pds/geinfomationechange_v1@002e0@002e0@0026depinfo_v1@002e0@002e0.ibd
2017/03/23 11:30:04 [26095] <f+++++++++ 12_full_2017-03-23_1042/pds/geinfomationechange_v1@002e0@002e0@0026mmessageshow_v1@002e0@002e0.frm
2017/03/23 11:30:04 [26095] <f+++++++++ 12_full_2017-03-23_1042/pds/geinfomationechange_v1@002e0@002e0@0026mmessageshow_v1@002e0@002e0.ibd
2017/03/23 11:30:04 [26095] <f+++++++++ 12_full_2017-03-23_1042/pds/tongwlgzt_v1@002e0@002e0@0026addstudent03p1_v1@002e0@002e0.frm
2017/03/23 11:30:04 [26095] <f+++++++++ 12_full_2017-03-23_1042/pds/tongwlgzt_v1@002e0@002e0@0026addstudent03p1_v1@002e0@002e0.ibd
2017/03/23 11:30:04 [26095] <f+++++++++ 12_full_2017-03-23_1042/pds/tongwlgzt_v1@002e0@002e0@0026jl_v1@002e0@002e0.frm
2017/03/23 11:30:04 [26095] <f+++++++++ 12_full_2017-03-23_1042/pds/tongwlgzt_v1@002e0@002e0@0026jl_v1@002e0@002e0.ibd
2017/03/23 11:30:04 [26095] <f+++++++++ 12_full_2017-03-23_1042/pds/tongwlgzt_v1@002e0@002e0@0026jsontest_v1@002e0@002e0.frm
2017/03/23 11:30:04 [26095] <f+++++++++ 12_full_2017-03-23_1042/pds/tongwlgzt_v1@002e0@002e0@0026jsontest_v1@002e0@002e0.ibd
2017/03/23 11:30:04 [26095] <f+++++++++ 12_full_2017-03-23_1042/pds/tongwlgzt_v1@002e0@002e0@0026uniqueindex_v1@002e0@002e0.frm
2017/03/23 11:30:04 [26095] <f+++++++++ 12_full_2017-03-23_1042/pds/tongwlgzt_v1@002e0@002e0@0026uniqueindex_v1@002e0@002e0.ibd
2017/03/23 11:30:04 [26095] <f+++++++++ 12_full_2017-03-23_1042/pds/tongwlgzt_v1@002e0@002e8@0026tiszyfw017test1_v1@002e0@002e0.frm
2017/03/23 11:30:04 [26095] <f+++++++++ 12_full_2017-03-23_1042/pds/tongwlgzt_v1@002e0@002e8@0026tiszyfw017test1_v1@002e0@002e0.ibd
2017/03/23 11:30:04 [26095] cd+++++++++ 12_full_2017-03-23_1042/performance_schema/
2017/03/23 11:30:04 [26095] <f+++++++++ 12_full_2017-03-23_1042/performance_schema/accounts.frm
2017/03/23 11:30:04 [26095] <f+++++++++ 12_full_2017-03-23_1042/performance_schema/cond_instances.frm
2017/03/23 11:30:04 [26095] <f+++++++++ 12_full_2017-03-23_1042/performance_schema/db.opt
2017/03/23 11:30:04 [26095] <f+++++++++ 12_full_2017-03-23_1042/performance_schema/events_stages_current.frm
2017/03/23 11:30:04 [26095] <f+++++++++ 12_full_2017-03-23_1042/performance_schema/events_stages_history.frm
2017/03/23 11:30:04 [26095] <f+++++++++ 12_full_2017-03-23_1042/performance_schema/events_stages_history_long.frm
2017/03/23 11:30:04 [26095] <f+++++++++ 12_full_2017-03-23_1042/performance_schema/events_stages_summary_by_account_by_event_name.frm
2017/03/23 11:30:04 [26095] <f+++++++++ 12_full_2017-03-23_1042/performance_schema/events_stages_summary_by_host_by_event_name.frm
2017/03/23 11:30:04 [26095] <f+++++++++ 12_full_2017-03-23_1042/performance_schema/events_stages_summary_by_thread_by_event_name.frm
2017/03/23 11:30:04 [26095] <f+++++++++ 12_full_2017-03-23_1042/performance_schema/events_stages_summary_by_user_by_event_name.frm
2017/03/23 11:30:04 [26095] <f+++++++++ 12_full_2017-03-23_1042/performance_schema/events_stages_summary_global_by_event_name.frm
2017/03/23 11:30:04 [26095] <f+++++++++ 12_full_2017-03-23_1042/performance_schema/events_statements_current.frm
2017/03/23 11:30:04 [26095] <f+++++++++ 12_full_2017-03-23_1042/performance_schema/events_statements_history.frm
2017/03/23 11:30:04 [26095] <f+++++++++ 12_full_2017-03-23_1042/performance_schema/events_statements_history_long.frm
2017/03/23 11:30:04 [26095] <f+++++++++ 12_full_2017-03-23_1042/performance_schema/events_statements_summary_by_account_by_event_name.frm
2017/03/23 11:30:04 [26095] <f+++++++++ 12_full_2017-03-23_1042/performance_schema/events_statements_summary_by_digest.frm
2017/03/23 11:30:04 [26095] <f+++++++++ 12_full_2017-03-23_1042/performance_schema/events_statements_summary_by_host_by_event_name.frm
2017/03/23 11:30:04 [26095] <f+++++++++ 12_full_2017-03-23_1042/performance_schema/events_statements_summary_by_thread_by_event_name.frm
2017/03/23 11:30:04 [26095] <f+++++++++ 12_full_2017-03-23_1042/performance_schema/events_statements_summary_by_user_by_event_name.frm
2017/03/23 11:30:04 [26095] <f+++++++++ 12_full_2017-03-23_1042/performance_schema/events_statements_summary_global_by_event_name.frm
2017/03/23 11:30:04 [26095] <f+++++++++ 12_full_2017-03-23_1042/performance_schema/events_waits_current.frm
2017/03/23 11:30:04 [26095] <f+++++++++ 12_full_2017-03-23_1042/performance_schema/events_waits_history.frm
2017/03/23 11:30:04 [26095] <f+++++++++ 12_full_2017-03-23_1042/performance_schema/events_waits_history_long.frm
2017/03/23 11:30:04 [26095] <f+++++++++ 12_full_2017-03-23_1042/performance_schema/events_waits_summary_by_account_by_event_name.frm
2017/03/23 11:30:04 [26095] <f+++++++++ 12_full_2017-03-23_1042/performance_schema/events_waits_summary_by_host_by_event_name.frm
2017/03/23 11:30:04 [26095] <f+++++++++ 12_full_2017-03-23_1042/performance_schema/events_waits_summary_by_instance.frm
2017/03/23 11:30:04 [26095] <f+++++++++ 12_full_2017-03-23_1042/performance_schema/events_waits_summary_by_thread_by_event_name.frm
2017/03/23 11:30:04 [26095] <f+++++++++ 12_full_2017-03-23_1042/performance_schema/events_waits_summary_by_user_by_event_name.frm
2017/03/23 11:30:04 [26095] <f+++++++++ 12_full_2017-03-23_1042/performance_schema/events_waits_summary_global_by_event_name.frm
2017/03/23 11:30:04 [26095] <f+++++++++ 12_full_2017-03-23_1042/performance_schema/file_instances.frm
2017/03/23 11:30:04 [26095] <f+++++++++ 12_full_2017-03-23_1042/performance_schema/file_summary_by_event_name.frm
2017/03/23 11:30:04 [26095] <f+++++++++ 12_full_2017-03-23_1042/performance_schema/file_summary_by_instance.frm
2017/03/23 11:30:04 [26095] <f+++++++++ 12_full_2017-03-23_1042/performance_schema/host_cache.frm
2017/03/23 11:30:04 [26095] <f+++++++++ 12_full_2017-03-23_1042/performance_schema/hosts.frm
2017/03/23 11:30:04 [26095] <f+++++++++ 12_full_2017-03-23_1042/performance_schema/mutex_instances.frm
2017/03/23 11:30:04 [26095] <f+++++++++ 12_full_2017-03-23_1042/performance_schema/objects_summary_global_by_type.frm
2017/03/23 11:30:04 [26095] <f+++++++++ 12_full_2017-03-23_1042/performance_schema/performance_timers.frm
2017/03/23 11:30:04 [26095] <f+++++++++ 12_full_2017-03-23_1042/performance_schema/rwlock_instances.frm
2017/03/23 11:30:04 [26095] <f+++++++++ 12_full_2017-03-23_1042/performance_schema/session_account_connect_attrs.frm
2017/03/23 11:30:04 [26095] <f+++++++++ 12_full_2017-03-23_1042/performance_schema/session_connect_attrs.frm
2017/03/23 11:30:04 [26095] <f+++++++++ 12_full_2017-03-23_1042/performance_schema/setup_actors.frm
2017/03/23 11:30:04 [26095] <f+++++++++ 12_full_2017-03-23_1042/performance_schema/setup_consumers.frm
2017/03/23 11:30:04 [26095] <f+++++++++ 12_full_2017-03-23_1042/performance_schema/setup_instruments.frm
2017/03/23 11:30:04 [26095] <f+++++++++ 12_full_2017-03-23_1042/performance_schema/setup_objects.frm
2017/03/23 11:30:04 [26095] <f+++++++++ 12_full_2017-03-23_1042/performance_schema/setup_timers.frm
2017/03/23 11:30:04 [26095] <f+++++++++ 12_full_2017-03-23_1042/performance_schema/socket_instances.frm
2017/03/23 11:30:04 [26095] <f+++++++++ 12_full_2017-03-23_1042/performance_schema/socket_summary_by_event_name.frm
2017/03/23 11:30:04 [26095] <f+++++++++ 12_full_2017-03-23_1042/performance_schema/socket_summary_by_instance.frm
2017/03/23 11:30:04 [26095] <f+++++++++ 12_full_2017-03-23_1042/performance_schema/table_io_waits_summary_by_index_usage.frm
2017/03/23 11:30:04 [26095] <f+++++++++ 12_full_2017-03-23_1042/performance_schema/table_io_waits_summary_by_table.frm
2017/03/23 11:30:04 [26095] <f+++++++++ 12_full_2017-03-23_1042/performance_schema/table_lock_waits_summary_by_table.frm
2017/03/23 11:30:04 [26095] <f+++++++++ 12_full_2017-03-23_1042/performance_schema/threads.frm
2017/03/23 11:30:04 [26095] <f+++++++++ 12_full_2017-03-23_1042/performance_schema/users.frm
2017/03/23 11:30:04 [26095] cd+++++++++ 12_full_2017-03-23_1042/regdb/
2017/03/23 11:30:04 [26095] <f+++++++++ 12_full_2017-03-23_1042/regdb/am_api.frm
2017/03/23 11:30:04 [26095] <f+++++++++ 12_full_2017-03-23_1042/regdb/am_api.ibd
2017/03/23 11:30:04 [26095] <f+++++++++ 12_full_2017-03-23_1042/regdb/am_api_comments.frm
2017/03/23 11:30:04 [26095] <f+++++++++ 12_full_2017-03-23_1042/regdb/am_api_comments.ibd
2017/03/23 11:30:04 [26095] <f+++++++++ 12_full_2017-03-23_1042/regdb/am_api_default_version.frm
2017/03/23 11:30:04 [26095] <f+++++++++ 12_full_2017-03-23_1042/regdb/am_api_default_version.ibd
2017/03/23 11:30:04 [26095] <f+++++++++ 12_full_2017-03-23_1042/regdb/am_api_lc_event.frm
2017/03/23 11:30:04 [26095] <f+++++++++ 12_full_2017-03-23_1042/regdb/am_api_lc_event.ibd
2017/03/23 11:30:04 [26095] <f+++++++++ 12_full_2017-03-23_1042/regdb/am_api_ratings.frm
2017/03/23 11:30:04 [26095] <f+++++++++ 12_full_2017-03-23_1042/regdb/am_api_ratings.ibd
2017/03/23 11:30:04 [26095] <f+++++++++ 12_full_2017-03-23_1042/regdb/am_api_scopes.frm
2017/03/23 11:30:04 [26095] <f+++++++++ 12_full_2017-03-23_1042/regdb/am_api_scopes.ibd
2017/03/23 11:30:04 [26095] <f+++++++++ 12_full_2017-03-23_1042/regdb/am_api_url_mapping.frm
2017/03/23 11:30:04 [26095] <f+++++++++ 12_full_2017-03-23_1042/regdb/am_api_url_mapping.ibd
2017/03/23 11:30:04 [26095] <f+++++++++ 12_full_2017-03-23_1042/regdb/am_app_key_domain_mapping.frm
2017/03/23 11:30:04 [26095] <f+++++++++ 12_full_2017-03-23_1042/regdb/am_app_key_domain_mapping.ibd
2017/03/23 11:30:04 [26095] <f+++++++++ 12_full_2017-03-23_1042/regdb/am_application.frm
2017/03/23 11:30:04 [26095] <f+++++++++ 12_full_2017-03-23_1042/regdb/am_application.ibd
2017/03/23 11:30:04 [26095] <f+++++++++ 12_full_2017-03-23_1042/regdb/am_application_key_mapping.frm
2017/03/23 11:30:04 [26095] <f+++++++++ 12_full_2017-03-23_1042/regdb/am_application_key_mapping.ibd
2017/03/23 11:30:04 [26095] <f+++++++++ 12_full_2017-03-23_1042/regdb/am_application_registration.frm
2017/03/23 11:30:04 [26095] <f+++++++++ 12_full_2017-03-23_1042/regdb/am_application_registration.ibd
2017/03/23 11:30:04 [26095] <f+++++++++ 12_full_2017-03-23_1042/regdb/am_external_stores.frm
2017/03/23 11:30:04 [26095] <f+++++++++ 12_full_2017-03-23_1042/regdb/am_external_stores.ibd
2017/03/23 11:30:04 [26095] <f+++++++++ 12_full_2017-03-23_1042/regdb/am_subscriber.frm
2017/03/23 11:30:04 [26095] <f+++++++++ 12_full_2017-03-23_1042/regdb/am_subscriber.ibd
2017/03/23 11:30:04 [26095] <f+++++++++ 12_full_2017-03-23_1042/regdb/am_subscription.frm
2017/03/23 11:30:04 [26095] <f+++++++++ 12_full_2017-03-23_1042/regdb/am_subscription.ibd
2017/03/23 11:30:04 [26095] <f+++++++++ 12_full_2017-03-23_1042/regdb/am_subscription_key_mapping.frm
2017/03/23 11:30:04 [26095] <f+++++++++ 12_full_2017-03-23_1042/regdb/am_subscription_key_mapping.ibd
2017/03/23 11:30:04 [26095] <f+++++++++ 12_full_2017-03-23_1042/regdb/am_tier_permissions.frm
2017/03/23 11:30:04 [26095] <f+++++++++ 12_full_2017-03-23_1042/regdb/am_tier_permissions.ibd
2017/03/23 11:30:04 [26095] <f+++++++++ 12_full_2017-03-23_1042/regdb/am_workflows.frm
2017/03/23 11:30:04 [26095] <f+++++++++ 12_full_2017-03-23_1042/regdb/am_workflows.ibd
2017/03/23 11:30:04 [26095] <f+++++++++ 12_full_2017-03-23_1042/regdb/db.opt
2017/03/23 11:30:04 [26095] <f+++++++++ 12_full_2017-03-23_1042/regdb/idn_associated_id.frm
2017/03/23 11:30:04 [26095] <f+++++++++ 12_full_2017-03-23_1042/regdb/idn_associated_id.ibd
2017/03/23 11:30:04 [26095] <f+++++++++ 12_full_2017-03-23_1042/regdb/idn_base_table.frm
2017/03/23 11:30:04 [26095] <f+++++++++ 12_full_2017-03-23_1042/regdb/idn_base_table.ibd
2017/03/23 11:30:04 [26095] <f+++++++++ 12_full_2017-03-23_1042/regdb/idn_identity_meta_data.frm
2017/03/23 11:30:04 [26095] <f+++++++++ 12_full_2017-03-23_1042/regdb/idn_identity_meta_data.ibd
2017/03/23 11:30:04 [26095] <f+++++++++ 12_full_2017-03-23_1042/regdb/idn_identity_user_data.frm
2017/03/23 11:30:04 [26095] <f+++++++++ 12_full_2017-03-23_1042/regdb/idn_identity_user_data.ibd
2017/03/23 11:30:04 [26095] <f+++++++++ 12_full_2017-03-23_1042/regdb/idn_oauth1a_access_token.frm
2017/03/23 11:30:04 [26095] <f+++++++++ 12_full_2017-03-23_1042/regdb/idn_oauth1a_access_token.ibd
2017/03/23 11:30:04 [26095] <f+++++++++ 12_full_2017-03-23_1042/regdb/idn_oauth1a_request_token.frm
2017/03/23 11:30:04 [26095] <f+++++++++ 12_full_2017-03-23_1042/regdb/idn_oauth1a_request_token.ibd
2017/03/23 11:30:04 [26095] <f+++++++++ 12_full_2017-03-23_1042/regdb/idn_oauth2_access_token.frm
2017/03/23 11:30:04 [26095] <f+++++++++ 12_full_2017-03-23_1042/regdb/idn_oauth2_access_token.ibd
2017/03/23 11:30:04 [26095] <f+++++++++ 12_full_2017-03-23_1042/regdb/idn_oauth2_authorization_code.frm
2017/03/23 11:30:04 [26095] <f+++++++++ 12_full_2017-03-23_1042/regdb/idn_oauth2_authorization_code.ibd
2017/03/23 11:30:04 [26095] <f+++++++++ 12_full_2017-03-23_1042/regdb/idn_oauth2_resource_scope.frm
2017/03/23 11:30:04 [26095] <f+++++++++ 12_full_2017-03-23_1042/regdb/idn_oauth2_resource_scope.ibd
2017/03/23 11:30:04 [26095] <f+++++++++ 12_full_2017-03-23_1042/regdb/idn_oauth2_scope.frm
2017/03/23 11:30:04 [26095] <f+++++++++ 12_full_2017-03-23_1042/regdb/idn_oauth2_scope.ibd
2017/03/23 11:30:04 [26095] <f+++++++++ 12_full_2017-03-23_1042/regdb/idn_oauth_consumer_apps.frm
2017/03/23 11:30:04 [26095] <f+++++++++ 12_full_2017-03-23_1042/regdb/idn_oauth_consumer_apps.ibd
2017/03/23 11:30:04 [26095] <f+++++++++ 12_full_2017-03-23_1042/regdb/idn_openid_associations.frm
2017/03/23 11:30:04 [26095] <f+++++++++ 12_full_2017-03-23_1042/regdb/idn_openid_associations.ibd
2017/03/23 11:30:04 [26095] <f+++++++++ 12_full_2017-03-23_1042/regdb/idn_openid_remember_me.frm
2017/03/23 11:30:04 [26095] <f+++++++++ 12_full_2017-03-23_1042/regdb/idn_openid_remember_me.ibd
2017/03/23 11:30:04 [26095] <f+++++++++ 12_full_2017-03-23_1042/regdb/idn_openid_user_rps.frm
2017/03/23 11:30:04 [26095] <f+++++++++ 12_full_2017-03-23_1042/regdb/idn_openid_user_rps.ibd
2017/03/23 11:30:04 [26095] <f+++++++++ 12_full_2017-03-23_1042/regdb/idn_scim_group.frm
2017/03/23 11:30:04 [26095] <f+++++++++ 12_full_2017-03-23_1042/regdb/idn_scim_group.ibd
2017/03/23 11:30:04 [26095] <f+++++++++ 12_full_2017-03-23_1042/regdb/idn_scim_provider.frm
2017/03/23 11:30:04 [26095] <f+++++++++ 12_full_2017-03-23_1042/regdb/idn_scim_provider.ibd
2017/03/23 11:30:04 [26095] <f+++++++++ 12_full_2017-03-23_1042/regdb/idn_sts_store.frm
2017/03/23 11:30:04 [26095] <f+++++++++ 12_full_2017-03-23_1042/regdb/idn_sts_store.ibd
2017/03/23 11:30:04 [26095] <f+++++++++ 12_full_2017-03-23_1042/regdb/idn_thrift_session.frm
2017/03/23 11:30:04 [26095] <f+++++++++ 12_full_2017-03-23_1042/regdb/idn_thrift_session.ibd
2017/03/23 11:30:04 [26095] <f+++++++++ 12_full_2017-03-23_1042/regdb/idp.frm
2017/03/23 11:30:04 [26095] <f+++++++++ 12_full_2017-03-23_1042/regdb/idp.ibd
2017/03/23 11:30:04 [26095] <f+++++++++ 12_full_2017-03-23_1042/regdb/idp_authenticator.frm
2017/03/23 11:30:04 [26095] <f+++++++++ 12_full_2017-03-23_1042/regdb/idp_authenticator.ibd
2017/03/23 11:30:04 [26095] <f+++++++++ 12_full_2017-03-23_1042/regdb/idp_authenticator_property.frm
2017/03/23 11:30:04 [26095] <f+++++++++ 12_full_2017-03-23_1042/regdb/idp_authenticator_property.ibd
2017/03/23 11:30:04 [26095] <f+++++++++ 12_full_2017-03-23_1042/regdb/idp_claim.frm
2017/03/23 11:30:04 [26095] <f+++++++++ 12_full_2017-03-23_1042/regdb/idp_claim.ibd
2017/03/23 11:30:04 [26095] <f+++++++++ 12_full_2017-03-23_1042/regdb/idp_claim_mapping.frm
2017/03/23 11:30:04 [26095] <f+++++++++ 12_full_2017-03-23_1042/regdb/idp_claim_mapping.ibd
2017/03/23 11:30:04 [26095] <f+++++++++ 12_full_2017-03-23_1042/regdb/idp_local_claim.frm
2017/03/23 11:30:04 [26095] <f+++++++++ 12_full_2017-03-23_1042/regdb/idp_local_claim.ibd
2017/03/23 11:30:04 [26095] <f+++++++++ 12_full_2017-03-23_1042/regdb/idp_prov_config_property.frm
2017/03/23 11:30:04 [26095] <f+++++++++ 12_full_2017-03-23_1042/regdb/idp_prov_config_property.ibd
2017/03/23 11:30:04 [26095] <f+++++++++ 12_full_2017-03-23_1042/regdb/idp_provisioning_config.frm
2017/03/23 11:30:04 [26095] <f+++++++++ 12_full_2017-03-23_1042/regdb/idp_provisioning_config.ibd
2017/03/23 11:30:04 [26095] <f+++++++++ 12_full_2017-03-23_1042/regdb/idp_provisioning_entity.frm
2017/03/23 11:30:04 [26095] <f+++++++++ 12_full_2017-03-23_1042/regdb/idp_provisioning_entity.ibd
2017/03/23 11:30:04 [26095] <f+++++++++ 12_full_2017-03-23_1042/regdb/idp_role.frm
2017/03/23 11:30:04 [26095] <f+++++++++ 12_full_2017-03-23_1042/regdb/idp_role.ibd
2017/03/23 11:30:04 [26095] <f+++++++++ 12_full_2017-03-23_1042/regdb/idp_role_mapping.frm
2017/03/23 11:30:04 [26095] <f+++++++++ 12_full_2017-03-23_1042/regdb/idp_role_mapping.ibd
2017/03/23 11:30:04 [26095] <f+++++++++ 12_full_2017-03-23_1042/regdb/reg_association.frm
2017/03/23 11:30:04 [26095] <f+++++++++ 12_full_2017-03-23_1042/regdb/reg_association.ibd
2017/03/23 11:30:04 [26095] <f+++++++++ 12_full_2017-03-23_1042/regdb/reg_cluster_lock.frm
2017/03/23 11:30:04 [26095] <f+++++++++ 12_full_2017-03-23_1042/regdb/reg_cluster_lock.ibd
2017/03/23 11:30:04 [26095] <f+++++++++ 12_full_2017-03-23_1042/regdb/reg_comment.frm
2017/03/23 11:30:04 [26095] <f+++++++++ 12_full_2017-03-23_1042/regdb/reg_comment.ibd
2017/03/23 11:30:04 [26095] <f+++++++++ 12_full_2017-03-23_1042/regdb/reg_content.frm
2017/03/23 11:30:05 [26095] <f+++++++++ 12_full_2017-03-23_1042/regdb/reg_content.ibd
2017/03/23 11:30:05 [26095] <f+++++++++ 12_full_2017-03-23_1042/regdb/reg_content_history.frm
2017/03/23 11:30:05 [26095] <f+++++++++ 12_full_2017-03-23_1042/regdb/reg_content_history.ibd
2017/03/23 11:30:05 [26095] <f+++++++++ 12_full_2017-03-23_1042/regdb/reg_log.frm
2017/03/23 11:30:05 [26095] <f+++++++++ 12_full_2017-03-23_1042/regdb/reg_log.ibd
2017/03/23 11:30:05 [26095] <f+++++++++ 12_full_2017-03-23_1042/regdb/reg_path.frm
2017/03/23 11:30:05 [26095] <f+++++++++ 12_full_2017-03-23_1042/regdb/reg_path.ibd
2017/03/23 11:30:05 [26095] <f+++++++++ 12_full_2017-03-23_1042/regdb/reg_property.frm
2017/03/23 11:30:05 [26095] <f+++++++++ 12_full_2017-03-23_1042/regdb/reg_property.ibd
2017/03/23 11:30:05 [26095] <f+++++++++ 12_full_2017-03-23_1042/regdb/reg_rating.frm
2017/03/23 11:30:05 [26095] <f+++++++++ 12_full_2017-03-23_1042/regdb/reg_rating.ibd
2017/03/23 11:30:05 [26095] <f+++++++++ 12_full_2017-03-23_1042/regdb/reg_resource.frm
2017/03/23 11:30:05 [26095] <f+++++++++ 12_full_2017-03-23_1042/regdb/reg_resource.ibd
2017/03/23 11:30:05 [26095] <f+++++++++ 12_full_2017-03-23_1042/regdb/reg_resource_comment.frm
2017/03/23 11:30:05 [26095] <f+++++++++ 12_full_2017-03-23_1042/regdb/reg_resource_comment.ibd
2017/03/23 11:30:05 [26095] <f+++++++++ 12_full_2017-03-23_1042/regdb/reg_resource_history.frm
2017/03/23 11:30:05 [26095] <f+++++++++ 12_full_2017-03-23_1042/regdb/reg_resource_history.ibd
2017/03/23 11:30:05 [26095] <f+++++++++ 12_full_2017-03-23_1042/regdb/reg_resource_property.frm
2017/03/23 11:30:06 [26095] <f+++++++++ 12_full_2017-03-23_1042/regdb/reg_resource_property.ibd
2017/03/23 11:30:06 [26095] <f+++++++++ 12_full_2017-03-23_1042/regdb/reg_resource_rating.frm
2017/03/23 11:30:06 [26095] <f+++++++++ 12_full_2017-03-23_1042/regdb/reg_resource_rating.ibd
2017/03/23 11:30:06 [26095] <f+++++++++ 12_full_2017-03-23_1042/regdb/reg_resource_tag.frm
2017/03/23 11:30:06 [26095] <f+++++++++ 12_full_2017-03-23_1042/regdb/reg_resource_tag.ibd
2017/03/23 11:30:06 [26095] <f+++++++++ 12_full_2017-03-23_1042/regdb/reg_snapshot.frm
2017/03/23 11:30:06 [26095] <f+++++++++ 12_full_2017-03-23_1042/regdb/reg_snapshot.ibd
2017/03/23 11:30:06 [26095] <f+++++++++ 12_full_2017-03-23_1042/regdb/reg_tag.frm
2017/03/23 11:30:06 [26095] <f+++++++++ 12_full_2017-03-23_1042/regdb/reg_tag.ibd
2017/03/23 11:30:06 [26095] <f+++++++++ 12_full_2017-03-23_1042/regdb/sp_app.frm
2017/03/23 11:30:06 [26095] <f+++++++++ 12_full_2017-03-23_1042/regdb/sp_app.ibd
2017/03/23 11:30:06 [26095] <f+++++++++ 12_full_2017-03-23_1042/regdb/sp_auth_step.frm
2017/03/23 11:30:06 [26095] <f+++++++++ 12_full_2017-03-23_1042/regdb/sp_auth_step.ibd
2017/03/23 11:30:06 [26095] <f+++++++++ 12_full_2017-03-23_1042/regdb/sp_claim_mapping.frm
2017/03/23 11:30:06 [26095] <f+++++++++ 12_full_2017-03-23_1042/regdb/sp_claim_mapping.ibd
2017/03/23 11:30:06 [26095] <f+++++++++ 12_full_2017-03-23_1042/regdb/sp_federated_idp.frm
2017/03/23 11:30:06 [26095] <f+++++++++ 12_full_2017-03-23_1042/regdb/sp_federated_idp.ibd
2017/03/23 11:30:06 [26095] <f+++++++++ 12_full_2017-03-23_1042/regdb/sp_inbound_auth.frm
2017/03/23 11:30:06 [26095] <f+++++++++ 12_full_2017-03-23_1042/regdb/sp_inbound_auth.ibd
2017/03/23 11:30:06 [26095] <f+++++++++ 12_full_2017-03-23_1042/regdb/sp_provisioning_connector.frm
2017/03/23 11:30:06 [26095] <f+++++++++ 12_full_2017-03-23_1042/regdb/sp_provisioning_connector.ibd
2017/03/23 11:30:06 [26095] <f+++++++++ 12_full_2017-03-23_1042/regdb/sp_req_path_authenticator.frm
2017/03/23 11:30:06 [26095] <f+++++++++ 12_full_2017-03-23_1042/regdb/sp_req_path_authenticator.ibd
2017/03/23 11:30:06 [26095] <f+++++++++ 12_full_2017-03-23_1042/regdb/sp_role_mapping.frm
2017/03/23 11:30:06 [26095] <f+++++++++ 12_full_2017-03-23_1042/regdb/sp_role_mapping.ibd
2017/03/23 11:30:06 [26095] <f+++++++++ 12_full_2017-03-23_1042/regdb/um_account_mapping.frm
2017/03/23 11:30:06 [26095] <f+++++++++ 12_full_2017-03-23_1042/regdb/um_account_mapping.ibd
2017/03/23 11:30:06 [26095] <f+++++++++ 12_full_2017-03-23_1042/regdb/um_claim.frm
2017/03/23 11:30:06 [26095] <f+++++++++ 12_full_2017-03-23_1042/regdb/um_claim.ibd
2017/03/23 11:30:06 [26095] <f+++++++++ 12_full_2017-03-23_1042/regdb/um_dialect.frm
2017/03/23 11:30:06 [26095] <f+++++++++ 12_full_2017-03-23_1042/regdb/um_dialect.ibd
2017/03/23 11:30:06 [26095] <f+++++++++ 12_full_2017-03-23_1042/regdb/um_domain.frm
2017/03/23 11:30:06 [26095] <f+++++++++ 12_full_2017-03-23_1042/regdb/um_domain.ibd
2017/03/23 11:30:06 [26095] <f+++++++++ 12_full_2017-03-23_1042/regdb/um_hybrid_remember_me.frm
2017/03/23 11:30:06 [26095] <f+++++++++ 12_full_2017-03-23_1042/regdb/um_hybrid_remember_me.ibd
2017/03/23 11:30:06 [26095] <f+++++++++ 12_full_2017-03-23_1042/regdb/um_hybrid_role.frm
2017/03/23 11:30:06 [26095] <f+++++++++ 12_full_2017-03-23_1042/regdb/um_hybrid_role.ibd
2017/03/23 11:30:06 [26095] <f+++++++++ 12_full_2017-03-23_1042/regdb/um_hybrid_user_role.frm
2017/03/23 11:30:06 [26095] <f+++++++++ 12_full_2017-03-23_1042/regdb/um_hybrid_user_role.ibd
2017/03/23 11:30:06 [26095] <f+++++++++ 12_full_2017-03-23_1042/regdb/um_module.frm
2017/03/23 11:30:06 [26095] <f+++++++++ 12_full_2017-03-23_1042/regdb/um_module.ibd
2017/03/23 11:30:06 [26095] <f+++++++++ 12_full_2017-03-23_1042/regdb/um_module_actions.frm
2017/03/23 11:30:06 [26095] <f+++++++++ 12_full_2017-03-23_1042/regdb/um_module_actions.ibd
2017/03/23 11:30:06 [26095] <f+++++++++ 12_full_2017-03-23_1042/regdb/um_permission.frm
2017/03/23 11:30:06 [26095] <f+++++++++ 12_full_2017-03-23_1042/regdb/um_permission.ibd
2017/03/23 11:30:06 [26095] <f+++++++++ 12_full_2017-03-23_1042/regdb/um_profile_config.frm
2017/03/23 11:30:06 [26095] <f+++++++++ 12_full_2017-03-23_1042/regdb/um_profile_config.ibd
2017/03/23 11:30:06 [26095] <f+++++++++ 12_full_2017-03-23_1042/regdb/um_role.frm
2017/03/23 11:30:06 [26095] <f+++++++++ 12_full_2017-03-23_1042/regdb/um_role.ibd
2017/03/23 11:30:06 [26095] <f+++++++++ 12_full_2017-03-23_1042/regdb/um_role_permission.frm
2017/03/23 11:30:06 [26095] <f+++++++++ 12_full_2017-03-23_1042/regdb/um_role_permission.ibd
2017/03/23 11:30:06 [26095] <f+++++++++ 12_full_2017-03-23_1042/regdb/um_shared_user_role.frm
2017/03/23 11:30:06 [26095] <f+++++++++ 12_full_2017-03-23_1042/regdb/um_shared_user_role.ibd
2017/03/23 11:30:06 [26095] <f+++++++++ 12_full_2017-03-23_1042/regdb/um_system_role.frm
2017/03/23 11:30:06 [26095] <f+++++++++ 12_full_2017-03-23_1042/regdb/um_system_role.ibd
2017/03/23 11:30:06 [26095] <f+++++++++ 12_full_2017-03-23_1042/regdb/um_system_user.frm
2017/03/23 11:30:06 [26095] <f+++++++++ 12_full_2017-03-23_1042/regdb/um_system_user.ibd
2017/03/23 11:30:06 [26095] <f+++++++++ 12_full_2017-03-23_1042/regdb/um_system_user_role.frm
2017/03/23 11:30:06 [26095] <f+++++++++ 12_full_2017-03-23_1042/regdb/um_system_user_role.ibd
2017/03/23 11:30:06 [26095] <f+++++++++ 12_full_2017-03-23_1042/regdb/um_tenant.frm
2017/03/23 11:30:06 [26095] <f+++++++++ 12_full_2017-03-23_1042/regdb/um_tenant.ibd
2017/03/23 11:30:06 [26095] <f+++++++++ 12_full_2017-03-23_1042/regdb/um_tid.frm
2017/03/23 11:30:06 [26095] <f+++++++++ 12_full_2017-03-23_1042/regdb/um_tid.ibd
2017/03/23 11:30:06 [26095] <f+++++++++ 12_full_2017-03-23_1042/regdb/um_user.frm
2017/03/23 11:30:06 [26095] <f+++++++++ 12_full_2017-03-23_1042/regdb/um_user.ibd
2017/03/23 11:30:06 [26095] <f+++++++++ 12_full_2017-03-23_1042/regdb/um_user_attribute.frm
2017/03/23 11:30:06 [26095] <f+++++++++ 12_full_2017-03-23_1042/regdb/um_user_attribute.ibd
2017/03/23 11:30:06 [26095] <f+++++++++ 12_full_2017-03-23_1042/regdb/um_user_permission.frm
2017/03/23 11:30:06 [26095] <f+++++++++ 12_full_2017-03-23_1042/regdb/um_user_permission.ibd
2017/03/23 11:30:06 [26095] <f+++++++++ 12_full_2017-03-23_1042/regdb/um_user_role.frm
2017/03/23 11:30:06 [26095] <f+++++++++ 12_full_2017-03-23_1042/regdb/um_user_role.ibd
2017/03/23 11:30:06 [26095] cd+++++++++ 12_full_2017-03-23_1042/restdb/
2017/03/23 11:30:06 [26095] <f+++++++++ 12_full_2017-03-23_1042/restdb/config.frm
2017/03/23 11:30:06 [26095] <f+++++++++ 12_full_2017-03-23_1042/restdb/config.ibd
2017/03/23 11:30:06 [26095] <f+++++++++ 12_full_2017-03-23_1042/restdb/db.opt
2017/03/23 11:30:06 [26095] <f+++++++++ 12_full_2017-03-23_1042/restdb/user.frm
2017/03/23 11:30:06 [26095] <f+++++++++ 12_full_2017-03-23_1042/restdb/user.ibd
2017/03/23 11:30:06 [26095] cd+++++++++ 12_full_2017-03-23_1042/test/
2017/03/23 11:30:06 [26095] <f+++++++++ 12_full_2017-03-23_1042/test/db.opt
2017/03/23 11:30:06 [26095] cd+++++++++ 12_full_2017-03-23_1042/waarp/
2017/03/23 11:30:06 [26095] <f+++++++++ 12_full_2017-03-23_1042/waarp/configuration.frm
2017/03/23 11:30:06 [26095] <f+++++++++ 12_full_2017-03-23_1042/waarp/configuration.ibd
2017/03/23 11:30:06 [26095] <f+++++++++ 12_full_2017-03-23_1042/waarp/db.opt
2017/03/23 11:30:06 [26095] <f+++++++++ 12_full_2017-03-23_1042/waarp/hostconfig.frm
2017/03/23 11:30:06 [26095] <f+++++++++ 12_full_2017-03-23_1042/waarp/hostconfig.ibd
2017/03/23 11:30:06 [26095] <f+++++++++ 12_full_2017-03-23_1042/waarp/hosts.frm
2017/03/23 11:30:06 [26095] <f+++++++++ 12_full_2017-03-23_1042/waarp/hosts.ibd
2017/03/23 11:30:06 [26095] <f+++++++++ 12_full_2017-03-23_1042/waarp/multiplemonitor.frm
2017/03/23 11:30:06 [26095] <f+++++++++ 12_full_2017-03-23_1042/waarp/multiplemonitor.ibd
2017/03/23 11:30:06 [26095] <f+++++++++ 12_full_2017-03-23_1042/waarp/rules.frm
2017/03/23 11:30:06 [26095] <f+++++++++ 12_full_2017-03-23_1042/waarp/rules.ibd
2017/03/23 11:30:06 [26095] <f+++++++++ 12_full_2017-03-23_1042/waarp/rules_copy.frm
2017/03/23 11:30:06 [26095] <f+++++++++ 12_full_2017-03-23_1042/waarp/rules_copy.ibd
2017/03/23 11:30:06 [26095] <f+++++++++ 12_full_2017-03-23_1042/waarp/rules_copy1.frm
2017/03/23 11:30:06 [26095] <f+++++++++ 12_full_2017-03-23_1042/waarp/rules_copy1.ibd
2017/03/23 11:30:06 [26095] <f+++++++++ 12_full_2017-03-23_1042/waarp/runner.frm
2017/03/23 11:30:06 [26095] <f+++++++++ 12_full_2017-03-23_1042/waarp/runner.ibd
2017/03/23 11:30:06 [26095] <f+++++++++ 12_full_2017-03-23_1042/waarp/sequences.frm
2017/03/23 11:30:06 [26095] <f+++++++++ 12_full_2017-03-23_1042/waarp/sequences.ibd
2017/03/23 11:30:06 [26095] sent 18908077 bytes  received 10707 bytes  3439778.91 bytes/sec
2017/03/23 11:30:06 [26095] total size is 348288427  speedup is 18.41
